<?xml version="1.0" encoding="UTF-8"?>
<!-- Generated by org.testng.reporters.JUnitReportReporter -->
<testsuite hostname="DESKTOP-5AHJAEO" failures="0" tests="1" name="TestNG.Testcase2" time="28.348" errors="0" timestamp="2022-10-16T20:48:36 IST" skipped="0">
  <testcase classname="TestNG.Testcase2" name="Forgotten" time="28.348"/>
  <system-out/>
</testsuite> <!-- TestNG.Testcase2 -->
