<?xml version="1.0" encoding="UTF-8"?>
<!-- Generated by org.testng.reporters.JUnitReportReporter -->
<testsuite hostname="DESKTOP-5AHJAEO" failures="0" tests="1" name="TestNG.Skillrary_TC2" time="13.016" errors="0" timestamp="2022-10-07T10:29:07 IST" skipped="0">
  <testcase classname="TestNG.Skillrary_TC2" name="login" time="13.016"/>
  <system-out/>
</testsuite> <!-- TestNG.Skillrary_TC2 -->
