<?xml version="1.0" encoding="UTF-8"?>
<!-- Generated by org.testng.reporters.JUnitReportReporter -->
<testsuite hostname="DESKTOP-5AHJAEO" failures="0" tests="1" name="basic.Scenario14" time="12.680" errors="0" timestamp="2022-10-17T01:38:04 IST" skipped="0">
  <testcase classname="basic.Scenario14" name="FB" time="12.680"/>
  <system-out/>
</testsuite> <!-- basic.Scenario14 -->
