<?xml version="1.0" encoding="UTF-8"?>
<!-- Generated by org.testng.reporters.JUnitReportReporter -->
<testsuite hostname="DESKTOP-5AHJAEO" failures="0" tests="1" name="TestNG.Skillrary_TC3" time="20.969" errors="0" timestamp="2022-09-21T22:24:01 IST" skipped="0">
  <testcase classname="TestNG.Skillrary_TC3" name="login" time="20.969"/>
  <system-out/>
</testsuite> <!-- TestNG.Skillrary_TC3 -->
