<?xml version="1.0" encoding="UTF-8"?>
<!-- Generated by org.testng.reporters.JUnitReportReporter -->
<testsuite hostname="DESKTOP-5AHJAEO" failures="0" tests="1" name="TestNG.Test6" time="0.029" errors="0" timestamp="2022-10-28T22:58:29 IST" skipped="0">
  <testcase classname="TestNG.Test6" name="tc6" time="0.029"/>
  <system-out>
    <![CDATA[login
login]]>
  </system-out>
</testsuite> <!-- TestNG.Test6 -->
