<?xml version="1.0" encoding="UTF-8"?>
<!-- Generated by org.testng.reporters.JUnitReportReporter -->
<testsuite hostname="DESKTOP-5AHJAEO" failures="0" tests="3" name="TestNG.Test4" time="0.020" errors="0" timestamp="2022-10-11T20:07:36 IST" skipped="1">
  <testcase classname="TestNG.Test4" name="call" time="0.013"/>
  <system-out>
    <![CDATA[call]]>
  </system-out>
  <testcase classname="TestNG.Test4" name="chat" time="0.007"/>
  <system-out>
    <![CDATA[chat]]>
  </system-out>
  <testcase classname="TestNG.Test4" name="setting">
    <skipped/>
  </testcase> <!-- setting -->
  <system-out/>
</testsuite> <!-- TestNG.Test4 -->
