<?xml version="1.0" encoding="UTF-8"?>
<!-- Generated by org.testng.reporters.JUnitReportReporter -->
<testsuite hostname="DESKTOP-5AHJAEO" failures="0" tests="1" name="TestNG.Textcase3" time="18.971" errors="0" timestamp="2022-09-05T07:26:27 IST" skipped="0">
  <testcase classname="TestNG.Textcase3" name="createpage" time="18.971"/>
  <system-out/>
</testsuite> <!-- TestNG.Textcase3 -->
