<?xml version="1.0" encoding="UTF-8"?>
<!-- Generated by org.testng.reporters.JUnitReportReporter -->
<testsuite hostname="DESKTOP-5AHJAEO" failures="0" tests="3" name="TestNG.Parallel" time="63.368" errors="0" timestamp="2022-10-16T20:44:57 IST" skipped="0">
  <testcase classname="TestNG.Parallel" name="demo" time="19.032"/>
  <system-out>
    <![CDATA[https://www.facebook.com/
Log in to Facebook]]>
  </system-out>
  <testcase classname="TestNG.Parallel" name="demo" time="23.999"/>
  <system-out>
    <![CDATA[https://www.facebook.com/
Log in to Facebook]]>
  </system-out>
  <testcase classname="TestNG.Parallel" name="demo" time="20.337"/>
  <system-out>
    <![CDATA[https://www.facebook.com/login/?privacy_mutation_token=eyJ0eXBlIjowLCJjcmVhdGlvbl90aW1lIjoxNjY1OTMzNzU0LCJjYWxsc2l0ZV9pZCI6MzgxMjI5MDc5NTc1OTQ2fQ%3D%3D
Log in to Facebook]]>
  </system-out>
</testsuite> <!-- TestNG.Parallel -->
