<?xml version="1.0" encoding="UTF-8"?>
<!-- Generated by org.testng.reporters.JUnitReportReporter -->
<testsuite hostname="DESKTOP-5AHJAEO" failures="0" tests="2" name="TestNG.DependentonMethod" time="0.019" errors="0" timestamp="2022-10-16T20:33:01 IST" skipped="0">
  <testcase classname="TestNG.DependentonMethod" name="A" time="0.016"/>
  <system-out>
    <![CDATA[patange]]>
  </system-out>
  <testcase classname="TestNG.DependentonMethod" name="C" time="0.003"/>
  <system-out>
    <![CDATA[prasad]]>
  </system-out>
</testsuite> <!-- TestNG.DependentonMethod -->
