<?xml version="1.0" encoding="UTF-8"?>
<!-- Generated by org.testng.reporters.JUnitReportReporter -->
<testsuite hostname="DESKTOP-5AHJAEO" failures="0" tests="1" name="TestNG.Test1" time="0.018" errors="0" timestamp="2022-09-04T03:39:49 IST" skipped="0">
  <testcase classname="TestNG.Test1" name="tc" time="0.018"/>
  <system-out>
    <![CDATA[hello prasad
hello patange]]>
  </system-out>
</testsuite> <!-- TestNG.Test1 -->
