<?xml version="1.0" encoding="UTF-8"?>
<!-- Generated by org.testng.reporters.JUnitReportReporter -->
<testsuite hostname="DESKTOP-5AHJAEO" failures="0" tests="4" name="TestNG.Test3" time="0.022" errors="0" timestamp="2022-10-07T10:39:36 IST" skipped="0">
  <testcase classname="TestNG.Test3" name="call" time="0.015"/>
  <system-out>
    <![CDATA[call]]>
  </system-out>
  <testcase classname="TestNG.Test3" name="setting" time="0.002"/>
  <system-out>
    <![CDATA[Setting]]>
  </system-out>
  <testcase classname="TestNG.Test3" name="setting" time="0.002"/>
  <system-out>
    <![CDATA[Setting]]>
  </system-out>
  <testcase classname="TestNG.Test3" name="chat" time="0.003"/>
  <system-out>
    <![CDATA[chat]]>
  </system-out>
</testsuite> <!-- TestNG.Test3 -->
