<?xml version="1.0" encoding="UTF-8"?>
<!-- Generated by org.testng.reporters.JUnitReportReporter -->
<testsuite hostname="DESKTOP-5AHJAEO" failures="0" tests="1" name="TestNG.Testcase5" time="11.095" errors="0" timestamp="2022-10-16T20:49:38 IST" skipped="0">
  <testcase classname="TestNG.Testcase5" name="Login" time="11.095"/>
  <system-out/>
</testsuite> <!-- TestNG.Testcase5 -->
