<?xml version="1.0" encoding="UTF-8"?>
<!-- Generated by org.testng.reporters.JUnitReportReporter -->
<testsuite hostname="DESKTOP-5AHJAEO" failures="0" tests="1" name="TestNG.Group_Test3" time="0.004" errors="0" timestamp="2022-10-17T01:13:31 IST" skipped="0">
  <testcase classname="TestNG.Group_Test3" name="Test1" time="0.004"/>
  <system-out>
    <![CDATA[system]]>
  </system-out>
</testsuite> <!-- TestNG.Group_Test3 -->
