<?xml version="1.0" encoding="UTF-8"?>
<!-- Generated by org.testng.reporters.JUnitReportReporter -->
<testsuite hostname="DESKTOP-5AHJAEO" failures="0" tests="1" name="TestNG.Assertion" time="18.904" errors="0" timestamp="2022-10-17T01:25:15 IST" skipped="0">
  <testcase classname="TestNG.Assertion" name="Login" time="18.904"/>
  <system-out>
    <![CDATA[https://www.facebook.com/
Log in to Facebook]]>
  </system-out>
</testsuite> <!-- TestNG.Assertion -->
