<?xml version="1.0" encoding="UTF-8"?>
<!-- Generated by org.testng.reporters.JUnitReportReporter -->
<testsuite hostname="DESKTOP-5AHJAEO" failures="0" tests="1" name="TestNG.Testcase3" time="26.024" errors="0" timestamp="2022-10-16T20:48:36 IST" skipped="0">
  <testcase classname="TestNG.Testcase3" name="createpage" time="26.024"/>
  <system-out/>
</testsuite> <!-- TestNG.Testcase3 -->
