<?xml version="1.0" encoding="UTF-8"?>
<!-- Generated by org.testng.reporters.JUnitReportReporter -->
<testsuite hostname="DESKTOP-5AHJAEO" failures="0" tests="3" name="TestNG.dataprovider" time="27.893" errors="0" timestamp="2022-11-02T23:48:46 IST" skipped="0">
  <testcase classname="TestNG.dataprovider" name="demo" time="8.772"/>
  <system-out/>
  <testcase classname="TestNG.dataprovider" name="demo" time="10.692"/>
  <system-out/>
  <testcase classname="TestNG.dataprovider" name="demo" time="8.429"/>
  <system-out/>
</testsuite> <!-- TestNG.dataprovider -->
