<?xml version="1.0" encoding="UTF-8"?>
<!-- Generated by org.testng.reporters.JUnitReportReporter -->
<testsuite hostname="DESKTOP-5AHJAEO" failures="0" tests="3" name="TestNG.DependsOnMethod" time="0.027" errors="0" timestamp="2022-10-17T00:31:15 IST" skipped="0">
  <testcase classname="TestNG.DependsOnMethod" name="ClosePage" time="0.004"/>
  <system-out>
    <![CDATA[im from close]]>
  </system-out>
  <testcase classname="TestNG.DependsOnMethod" name="Login" time="0.018"/>
  <system-out>
    <![CDATA[im from login]]>
  </system-out>
  <testcase classname="TestNG.DependsOnMethod" name="HomePage" time="0.005"/>
  <system-out>
    <![CDATA[im from home]]>
  </system-out>
</testsuite> <!-- TestNG.DependsOnMethod -->
