<?xml version="1.0" encoding="UTF-8"?>
<!-- Generated by org.testng.reporters.JUnitReportReporter -->
<testsuite hostname="DESKTOP-5AHJAEO" failures="0" tests="1" name="TestNG.Testcase4" time="26.224" errors="0" timestamp="2022-10-16T20:48:36 IST" skipped="0">
  <testcase classname="TestNG.Testcase4" name="Login" time="26.224"/>
  <system-out>
    <![CDATA[https://www.facebook.com/login/?privacy_mutation_token=eyJ0eXBlIjowLCJjcmVhdGlvbl90aW1lIjoxNjY1OTMzOTcxLCJjYWxsc2l0ZV9pZCI6MzgxMjI5MDc5NTc1OTQ2fQ%3D%3D
Log in to Facebook]]>
  </system-out>
</testsuite> <!-- TestNG.Testcase4 -->
