<?xml version="1.0" encoding="UTF-8"?>
<!-- Generated by org.testng.reporters.JUnitReportReporter -->
<testsuite hostname="DESKTOP-5AHJAEO" failures="0" tests="1" name="TestNG.Testcase1" time="26.513" errors="0" timestamp="2022-10-16T20:48:36 IST" skipped="0">
  <testcase classname="TestNG.Testcase1" name="Login" time="26.513"/>
  <system-out>
    <![CDATA[https://www.facebook.com/
]]>
  </system-out>
</testsuite> <!-- TestNG.Testcase1 -->
