<?xml version="1.0" encoding="UTF-8"?>
<!-- Generated by org.testng.reporters.JUnitReportReporter -->
<testsuite hostname="DESKTOP-5AHJAEO" failures="0" tests="3" name="TestNG.Test2" time="0.019" errors="0" timestamp="2022-10-07T10:21:36 IST" skipped="0">
  <testcase classname="TestNG.Test2" name="call" time="0.013"/>
  <system-out>
    <![CDATA[call]]>
  </system-out>
  <testcase classname="TestNG.Test2" name="setting" time="0.003"/>
  <system-out>
    <![CDATA[Setting]]>
  </system-out>
  <testcase classname="TestNG.Test2" name="chat" time="0.003"/>
  <system-out>
    <![CDATA[chat]]>
  </system-out>
</testsuite> <!-- TestNG.Test2 -->
