<?xml version="1.0" encoding="UTF-8"?>
<!-- Generated by org.testng.reporters.JUnitReportReporter -->
<testsuite hostname="DESKTOP-5AHJAEO" failures="0" tests="1" name="TestNG.Skillrary_TC1" time="52.569" errors="0" timestamp="2022-10-15T21:45:39 IST" skipped="0">
  <testcase classname="TestNG.Skillrary_TC1" name="Login" time="52.569"/>
  <system-out/>
</testsuite> <!-- TestNG.Skillrary_TC1 -->
