<?xml version="1.0" encoding="UTF-8"?>
<!-- Generated by org.testng.reporters.JUnitReportReporter -->
<testsuite hostname="DESKTOP-5AHJAEO" failures="0" tests="1" name="TestNG.Group_Test4" time="0.016" errors="0" timestamp="2022-10-17T01:14:33 IST" skipped="0">
  <testcase classname="TestNG.Group_Test4" name="Test1" time="0.016"/>
  <system-out>
    <![CDATA[smoke]]>
  </system-out>
</testsuite> <!-- TestNG.Group_Test4 -->
