<?xml version="1.0" encoding="UTF-8"?>
<!-- Generated by org.testng.reporters.JUnitReportReporter -->
<testsuite hostname="DESKTOP-5AHJAEO" failures="0" tests="1" name="TestNG.Annotation" time="0.011" errors="0" timestamp="2022-10-15T23:15:03 IST" skipped="0">
  <testcase classname="TestNG.Annotation" name="m1" time="0.011"/>
  <system-out>
    <![CDATA[test]]>
  </system-out>
</testsuite> <!-- TestNG.Annotation -->
